<?xml version="1.0" encoding="UTF-8"?>
<testng-results ignored="0" total="2" passed="2" failed="0" skipped="0">
  <reporter-output>
  </reporter-output>
  <suite started-at="2025-03-04T13:07:05 IST" name="Master Suite" finished-at="2025-03-04T13:07:19 IST" duration-ms="13847">
    <groups>
      <group name="Master">
        <method signature="TC001_AccountRegistrationTest.verify_account_registration()[pri:0, instance:testCases.TC001_AccountRegistrationTest@7a362b6b]" name="verify_account_registration" class="testCases.TC001_AccountRegistrationTest"/>
        <method signature="TC002_LoginTest.verify_Login()[pri:0, instance:testCases.TC002_LoginTest@632ceb35]" name="verify_Login" class="testCases.TC002_LoginTest"/>
      </group> <!-- Master -->
      <group name="Sanity">
        <method signature="TC002_LoginTest.verify_Login()[pri:0, instance:testCases.TC002_LoginTest@632ceb35]" name="verify_Login" class="testCases.TC002_LoginTest"/>
      </group> <!-- Sanity -->
      <group name="Regression">
        <method signature="TC001_AccountRegistrationTest.verify_account_registration()[pri:0, instance:testCases.TC001_AccountRegistrationTest@7a362b6b]" name="verify_account_registration" class="testCases.TC001_AccountRegistrationTest"/>
      </group> <!-- Regression -->
    </groups>
    <test started-at="2025-03-04T13:07:05 IST" name="Test" finished-at="2025-03-04T13:07:19 IST" duration-ms="13847">
      <class name="testCases.TC002_LoginTest">
        <test-method is-config="true" signature="setData(java.lang.String,java.lang.String)[pri:0, instance:testCases.TC002_LoginTest@632ceb35]" started-at="2025-03-04T13:07:13 IST" name="setData" finished-at="2025-03-04T13:07:16 IST" duration-ms="3225" status="PASS">
          <params>
            <param index="0">
              <value>
                <![CDATA[Windows]]>
              </value>
            </param>
            <param index="1">
              <value>
                <![CDATA[chrome]]>
              </value>
            </param>
          </params>
          <reporter-output>
          </reporter-output>
        </test-method> <!-- setData -->
        <test-method signature="verify_Login()[pri:0, instance:testCases.TC002_LoginTest@632ceb35]" started-at="2025-03-04T13:07:16 IST" name="verify_Login" finished-at="2025-03-04T13:07:19 IST" duration-ms="2345" status="PASS">
          <reporter-output>
          </reporter-output>
        </test-method> <!-- verify_Login -->
        <test-method is-config="true" signature="tearDown()[pri:0, instance:testCases.TC002_LoginTest@632ceb35]" started-at="2025-03-04T13:07:19 IST" name="tearDown" finished-at="2025-03-04T13:07:19 IST" duration-ms="327" status="PASS">
          <reporter-output>
          </reporter-output>
        </test-method> <!-- tearDown -->
      </class> <!-- testCases.TC002_LoginTest -->
      <class name="testCases.TC001_AccountRegistrationTest">
        <test-method is-config="true" signature="setData(java.lang.String,java.lang.String)[pri:0, instance:testCases.TC001_AccountRegistrationTest@7a362b6b]" started-at="2025-03-04T13:07:06 IST" name="setData" finished-at="2025-03-04T13:07:10 IST" duration-ms="4175" status="PASS">
          <params>
            <param index="0">
              <value>
                <![CDATA[Windows]]>
              </value>
            </param>
            <param index="1">
              <value>
                <![CDATA[chrome]]>
              </value>
            </param>
          </params>
          <reporter-output>
          </reporter-output>
        </test-method> <!-- setData -->
        <test-method signature="verify_account_registration()[pri:0, instance:testCases.TC001_AccountRegistrationTest@7a362b6b]" started-at="2025-03-04T13:07:10 IST" name="verify_account_registration" finished-at="2025-03-04T13:07:13 IST" duration-ms="3136" status="PASS">
          <reporter-output>
          </reporter-output>
        </test-method> <!-- verify_account_registration -->
        <test-method is-config="true" signature="tearDown()[pri:0, instance:testCases.TC001_AccountRegistrationTest@7a362b6b]" started-at="2025-03-04T13:07:13 IST" name="tearDown" finished-at="2025-03-04T13:07:13 IST" duration-ms="255" status="PASS">
          <reporter-output>
          </reporter-output>
        </test-method> <!-- tearDown -->
      </class> <!-- testCases.TC001_AccountRegistrationTest -->
    </test> <!-- Test -->
  </suite> <!-- Master Suite -->
</testng-results>
